#
# There is insufficient memory for the Java Runtime Environment to continue.
# Native memory allocation (mmap) failed to map 284164096 bytes for G1 virtual space
# Possible reasons:
#   The system is out of physical RAM or swap space
#   The process is running with CompressedOops enabled, and the Java Heap may be blocking the growth of the native heap
# Possible solutions:
#   Reduce memory load on the system
#   Increase physical memory or swap space
#   Check if swap backing store is full
#   Decrease Java heap size (-Xmx/-Xms)
#   Decrease number of Java threads
#   Decrease Java thread stack sizes (-Xss)
#   Set larger code cache with -XX:ReservedCodeCacheSize=
#   JVM is running with Unscaled Compressed Oops mode in which the Java heap is
#     placed in the first 4GB address space. The Java Heap base address is the
#     maximum limit for the native heap growth. Please use -XX:HeapBaseMinAddress
#     to set the Java Heap base and to place the Java Heap above 4GB virtual address.
# This output file may be truncated or incomplete.
#
#  Out of Memory Error (os_windows.cpp:3466), pid=144, tid=9460
#
# JRE version: OpenJDK Runtime Environment (16.0.2+7) (build 16.0.2+7-67)
# Java VM: OpenJDK 64-Bit Server VM (16.0.2+7-67, mixed mode, tiered, compressed oops, compressed class ptrs, g1 gc, windows-amd64)
# No core dump will be written. Minidumps are not enabled by default on client versions of Windows
#

---------------  S U M M A R Y ------------

Command Line: -Dcom.sun.management.jmxremote -Dcom.sun.management.jmxremote.port=63859 -Dcom.sun.management.jmxremote.authenticate=false -Dcom.sun.management.jmxremote.ssl=false -Djava.rmi.server.hostname=localhost -Dspring.jmx.enabled=true -Dspring.application.admin.enabled=true -XX:TieredStopAtLevel=1 -Dspring.boot.project.name=findMeHospital -Dfile.encoding=UTF-8 -XX:+ShowCodeDetailsInExceptionMessages com.findMeHospital.SecurityPage1Application --spring.output.ansi.enabled=always

Host: Intel(R) Core(TM) i5-8250U CPU @ 1.60GHz, 8 cores, 7G,  Windows 10 , 64 bit Build 19041 (10.0.19041.1503)
Time: Tue Feb 22 21:35:12 2022 Nepal Standard Time elapsed time: 735.687635 seconds (0d 0h 12m 15s)

---------------  T H R E A D  ---------------

Current thread (0x000002ab5527b0c0):  VMThread "VM Thread" [stack: 0x000000f892800000,0x000000f892900000] [id=9460]

Stack: [0x000000f892800000,0x000000f892900000]
Native frames: (J=compiled Java code, j=interpreted, Vv=VM code, C=native code)
V  [jvm.dll+0x6681ca]
V  [jvm.dll+0x7c9e69]
V  [jvm.dll+0x7cb61e]
V  [jvm.dll+0x7cbc73]
V  [jvm.dll+0x242c55]
V  [jvm.dll+0x664f89]
V  [jvm.dll+0x659b75]
V  [jvm.dll+0x2fbfbb]
V  [jvm.dll+0x3031b6]
V  [jvm.dll+0x35299e]
V  [jvm.dll+0x352bcf]
V  [jvm.dll+0x2d3028]
V  [jvm.dll+0x2d0bb5]
V  [jvm.dll+0x2d01ec]
V  [jvm.dll+0x3152d2]
V  [jvm.dll+0x7d00ab]
V  [jvm.dll+0x7d0da4]
V  [jvm.dll+0x7d12a9]
V  [jvm.dll+0x7d1564]
V  [jvm.dll+0x7d1630]
V  [jvm.dll+0x7795aa]
V  [jvm.dll+0x667066]
C  [ucrtbase.dll+0x21bb2]
C  [KERNEL32.DLL+0x17034]
C  [ntdll.dll+0x52651]

VM_Operation (0x000000f8949faab0): G1CollectForAllocation, mode: safepoint, requested by thread 0x000002ab5af909e0


---------------  P R O C E S S  ---------------

Threads class SMR info:
_java_thread_list=0x000002ab5c9099b0, length=30, elements={
0x000002ab5527cd30, 0x000002ab5527db00, 0x000002ab552c5030, 0x000002ab552c8ac0,
0x000002ab552c93d0, 0x000002ab55c112f0, 0x000002ab55c11c00, 0x000002ab55c4a610,
0x000002ab55d31ba0, 0x000002ab55dc9ab0, 0x000002ab562ff1c0, 0x000002ab562ff6e0,
0x000002ab562fc800, 0x000002ab562f3640, 0x000002ab5637e870, 0x000002ab563f9f00,
0x000002ab5665d580, 0x000002ab5665a5b0, 0x000002ab5af8ff40, 0x000002ab5af8ef50,
0x000002ab5af8bf80, 0x000002ab5af8da10, 0x000002ab5af8ca20, 0x000002ab5af89500,
0x000002ab5af8df60, 0x000002ab5af8ba30, 0x000002ab5af909e0, 0x000002ab5af88fb0,
0x000002ab5af8aa40, 0x000002ab5af89a50
}

Java Threads: ( => current thread )
  0x000002ab5527cd30 JavaThread "Reference Handler" daemon [_thread_blocked, id=6788, stack(0x000000f892900000,0x000000f892a00000)]
  0x000002ab5527db00 JavaThread "Finalizer" daemon [_thread_blocked, id=12020, stack(0x000000f892a00000,0x000000f892b00000)]
  0x000002ab552c5030 JavaThread "Signal Dispatcher" daemon [_thread_blocked, id=16292, stack(0x000000f892b00000,0x000000f892c00000)]
  0x000002ab552c8ac0 JavaThread "Attach Listener" daemon [_thread_blocked, id=15212, stack(0x000000f892c00000,0x000000f892d00000)]
  0x000002ab552c93d0 JavaThread "Service Thread" daemon [_thread_blocked, id=15540, stack(0x000000f892d00000,0x000000f892e00000)]
  0x000002ab55c112f0 JavaThread "Monitor Deflation Thread" daemon [_thread_blocked, id=9268, stack(0x000000f892e00000,0x000000f892f00000)]
  0x000002ab55c11c00 JavaThread "C1 CompilerThread0" daemon [_thread_blocked, id=14156, stack(0x000000f892f00000,0x000000f893000000)]
  0x000002ab55c4a610 JavaThread "Sweeper thread" daemon [_thread_blocked, id=10220, stack(0x000000f893000000,0x000000f893100000)]
  0x000002ab55d31ba0 JavaThread "Common-Cleaner" daemon [_thread_blocked, id=10640, stack(0x000000f893100000,0x000000f893200000)]
  0x000002ab55dc9ab0 JavaThread "Notification Thread" daemon [_thread_blocked, id=8444, stack(0x000000f893200000,0x000000f893300000)]
  0x000002ab562ff1c0 JavaThread "RMI TCP Accept-0" daemon [_thread_in_native, id=16084, stack(0x000000f893300000,0x000000f893400000)]
  0x000002ab562ff6e0 JavaThread "RMI TCP Accept-63859" daemon [_thread_in_native, id=15040, stack(0x000000f893400000,0x000000f893500000)]
  0x000002ab562fc800 JavaThread "RMI TCP Accept-0" daemon [_thread_in_native, id=15904, stack(0x000000f893600000,0x000000f893700000)]
  0x000002ab562f3640 JavaThread "RMI Scheduler(0)" daemon [_thread_blocked, id=9584, stack(0x000000f893800000,0x000000f893900000)]
  0x000002ab5637e870 JavaThread "RMI TCP Connection(16)-127.0.0.1" daemon [_thread_in_native, id=8420, stack(0x000000f893900000,0x000000f893a00000)]
  0x000002ab563f9f00 JavaThread "JMX server connection timeout 22" daemon [_thread_blocked, id=5972, stack(0x000000f893a00000,0x000000f893b00000)]
  0x000002ab5665d580 JavaThread "mysql-cj-abandoned-connection-cleanup" daemon [_thread_blocked, id=15516, stack(0x000000f894b00000,0x000000f894c00000)]
  0x000002ab5665a5b0 JavaThread "Live Reload Server" daemon [_thread_in_native, id=15976, stack(0x000000f895100000,0x000000f895200000)]
  0x000002ab5af8ff40 JavaThread "DestroyJavaVM" [_thread_blocked, id=14640, stack(0x000000f892200000,0x000000f892300000)]
  0x000002ab5af8ef50 JavaThread "File Watcher" daemon [_thread_blocked, id=2100, stack(0x000000f892000000,0x000000f892100000)]
  0x000002ab5af8bf80 JavaThread "File Watcher" daemon [_thread_blocked, id=15024, stack(0x000000f893500000,0x000000f893600000)]
  0x000002ab5af8da10 JavaThread "File Watcher" daemon [_thread_blocked, id=6492, stack(0x000000f891f00000,0x000000f892000000)]
  0x000002ab5af8ca20 JavaThread "File Watcher" daemon [_thread_blocked, id=12032, stack(0x000000f894500000,0x000000f894600000)]
  0x000002ab5af89500 JavaThread "File Watcher" daemon [_thread_blocked, id=11036, stack(0x000000f894600000,0x000000f894700000)]
  0x000002ab5af8df60 JavaThread "File Watcher" daemon [_thread_blocked, id=15496, stack(0x000000f894700000,0x000000f894800000)]
  0x000002ab5af8ba30 JavaThread "Thread-81" [_thread_blocked, id=10292, stack(0x000000f892100000,0x000000f892200000)]
  0x000002ab5af909e0 JavaThread "restartedMain" [_thread_blocked, id=4928, stack(0x000000f894900000,0x000000f894a00000)]
  0x000002ab5af88fb0 JavaThread "Catalina-utility-1" [_thread_blocked, id=7264, stack(0x000000f894a00000,0x000000f894b00000)]
  0x000002ab5af8aa40 JavaThread "Catalina-utility-2" [_thread_blocked, id=5008, stack(0x000000f894d00000,0x000000f894e00000)]
  0x000002ab5af89a50 JavaThread "container-6" [_thread_blocked, id=9940, stack(0x000000f894e00000,0x000000f894f00000)]

Other Threads:
=>0x000002ab5527b0c0 VMThread "VM Thread" [stack: 0x000000f892800000,0x000000f892900000] [id=9460]
  0x000002ab3b47f9e0 WatcherThread [stack: 0x000000f893700000,0x000000f893800000] [id=5472]
  0x000002ab3b4be6a0 GCTaskThread "GC Thread#0" [stack: 0x000000f892300000,0x000000f892400000] [id=9540]
  0x000002ab566bb030 GCTaskThread "GC Thread#1" [stack: 0x000000f893b00000,0x000000f893c00000] [id=10520]
  0x000002ab566bb340 GCTaskThread "GC Thread#2" [stack: 0x000000f893c00000,0x000000f893d00000] [id=4544]
  0x000002ab566d4130 GCTaskThread "GC Thread#3" [stack: 0x000000f893d00000,0x000000f893e00000] [id=1300]
  0x000002ab566ce840 GCTaskThread "GC Thread#4" [stack: 0x000000f893e00000,0x000000f893f00000] [id=2036]
  0x000002ab566ad650 GCTaskThread "GC Thread#5" [stack: 0x000000f893f00000,0x000000f894000000] [id=11580]
  0x000002ab56725a10 GCTaskThread "GC Thread#6" [stack: 0x000000f894000000,0x000000f894100000] [id=8644]
  0x000002ab56726340 GCTaskThread "GC Thread#7" [stack: 0x000000f894100000,0x000000f894200000] [id=6148]
  0x000002ab3b4cf330 ConcurrentGCThread "G1 Main Marker" [stack: 0x000000f892400000,0x000000f892500000] [id=5192]
  0x000002ab3b4d0d40 ConcurrentGCThread "G1 Conc#0" [stack: 0x000000f892500000,0x000000f892600000] [id=15104]
  0x000002ab56726650 ConcurrentGCThread "G1 Conc#1" [stack: 0x000000f894800000,0x000000f894900000] [id=8916]
  0x000002ab3b548c80 ConcurrentGCThread "G1 Refine#0" [stack: 0x000000f892600000,0x000000f892700000] [id=3396]
  0x000002ab566bb650 ConcurrentGCThread "G1 Refine#1" [stack: 0x000000f894200000,0x000000f894300000] [id=8532]
  0x000002ab566ad960 ConcurrentGCThread "G1 Refine#2" [stack: 0x000000f894300000,0x000000f894400000] [id=14632]
  0x000002ab566adca0 ConcurrentGCThread "G1 Refine#3" [stack: 0x000000f894400000,0x000000f894500000] [id=15308]
  0x000002ab3b549610 ConcurrentGCThread "G1 Service" [stack: 0x000000f892700000,0x000000f892800000] [id=5680]

Threads with active compile tasks:

VM state: at safepoint (normal execution)

VM Mutex/Monitor currently owned by a thread:  ([mutex/lock_event])
[0x000002ab3b47a1f0] Threads_lock - owner thread: 0x000002ab5527b0c0
[0x000002ab3b47a9d0] Heap_lock - owner thread: 0x000002ab5af909e0

Heap address: 0x0000000081e00000, size: 2018 MB, Compressed Oops mode: 32-bit

CDS disabled.
Compressed class space mapped at: 0x0000000100000000-0x0000000140000000, reserved size: 1073741824
Narrow klass base: 0x0000000000000000, Narrow klass shift: 3, Narrow klass range: 0x140000000

GC Precious Log:
 CPUs: 8 total, 8 available
 Memory: 8069M
 Large Page Support: Disabled
 NUMA Support: Disabled
 Compressed Oops: Enabled (32-bit)
 Heap Region Size: 1M
 Heap Min Capacity: 8M
 Heap Initial Capacity: 128M
 Heap Max Capacity: 2018M
 Pre-touch: Disabled
 Parallel Workers: 8
 Concurrent Workers: 2
 Concurrent Refinement Workers: 8
 Periodic GC: Disabled

Heap:
 garbage-first heap   total 150528K, used 46678K [0x0000000081e00000, 0x0000000100000000)
  region size 1024K, 3 young (3072K), 3 survivors (3072K)
 Metaspace       used 82692K, committed 83968K, reserved 1122304K
  class space    used 10519K, committed 11136K, reserved 1048576K

Heap Regions: E=young(eden), S=young(survivor), O=old, HS=humongous(starts), HC=humongous(continues), CS=collection set, F=free, OA=open archive, CA=closed archive, TAMS=top-at-mark-start (previous, next)
|   0|0x0000000081e00000, 0x0000000081f00000, 0x0000000081f00000|100%|HS|  |TAMS 0x0000000081f00000, 0x0000000081e00000| Untracked 
|   1|0x0000000081f00000, 0x0000000081ffffc0, 0x0000000082000000| 99%| O|  |TAMS 0x0000000081f00000, 0x0000000081f00000| Untracked 
|   2|0x0000000082000000, 0x00000000820fffe8, 0x0000000082100000| 99%| O|  |TAMS 0x0000000082000000, 0x0000000082000000| Untracked 
|   3|0x0000000082100000, 0x00000000821fffd8, 0x0000000082200000| 99%| O|  |TAMS 0x0000000082100000, 0x0000000082100000| Untracked 
|   4|0x0000000082200000, 0x00000000822ffff0, 0x0000000082300000| 99%| O|  |TAMS 0x0000000082200000, 0x0000000082200000| Untracked 
|   5|0x0000000082300000, 0x00000000823fffd0, 0x0000000082400000| 99%| O|  |TAMS 0x0000000082300000, 0x0000000082300000| Untracked 
|   6|0x0000000082400000, 0x00000000824ffff0, 0x0000000082500000| 99%| O|  |TAMS 0x0000000082400000, 0x0000000082400000| Untracked 
|   7|0x0000000082500000, 0x0000000082600000, 0x0000000082600000|100%| O|  |TAMS 0x0000000082500000, 0x0000000082500000| Untracked 
|   8|0x0000000082600000, 0x00000000826fffd8, 0x0000000082700000| 99%| O|  |TAMS 0x0000000082600000, 0x0000000082600000| Untracked 
|   9|0x0000000082700000, 0x0000000082800000, 0x0000000082800000|100%| O|  |TAMS 0x0000000082700000, 0x0000000082700000| Untracked 
|  10|0x0000000082800000, 0x0000000082900000, 0x0000000082900000|100%| O|  |TAMS 0x0000000082800000, 0x0000000082800000| Untracked 
|  11|0x0000000082900000, 0x0000000082a00000, 0x0000000082a00000|100%| O|  |TAMS 0x0000000082900000, 0x0000000082900000| Untracked 
|  12|0x0000000082a00000, 0x0000000082affff8, 0x0000000082b00000| 99%| O|  |TAMS 0x0000000082a00000, 0x0000000082a00000| Untracked 
|  13|0x0000000082b00000, 0x0000000082c00000, 0x0000000082c00000|100%| O|  |TAMS 0x0000000082b00000, 0x0000000082b00000| Untracked 
|  14|0x0000000082c00000, 0x0000000082d00000, 0x0000000082d00000|100%| O|  |TAMS 0x0000000082c00000, 0x0000000082c00000| Untracked 
|  15|0x0000000082d00000, 0x0000000082e00000, 0x0000000082e00000|100%| O|  |TAMS 0x0000000082d00000, 0x0000000082d00000| Untracked 
|  16|0x0000000082e00000, 0x0000000082efffe8, 0x0000000082f00000| 99%| O|  |TAMS 0x0000000082e00000, 0x0000000082e00000| Untracked 
|  17|0x0000000082f00000, 0x0000000083000000, 0x0000000083000000|100%| O|  |TAMS 0x0000000082f00000, 0x0000000082f00000| Untracked 
|  18|0x0000000083000000, 0x00000000830fffe8, 0x0000000083100000| 99%| O|  |TAMS 0x0000000083000000, 0x0000000083000000| Untracked 
|  19|0x0000000083100000, 0x00000000831fffe0, 0x0000000083200000| 99%| O|  |TAMS 0x0000000083100000, 0x0000000083100000| Untracked 
|  20|0x0000000083200000, 0x00000000832fffc8, 0x0000000083300000| 99%| O|  |TAMS 0x0000000083200000, 0x0000000083200000| Untracked 
|  21|0x0000000083300000, 0x0000000083400000, 0x0000000083400000|100%| O|  |TAMS 0x0000000083300000, 0x0000000083300000| Untracked 
|  22|0x0000000083400000, 0x0000000083500000, 0x0000000083500000|100%| O|  |TAMS 0x0000000083400000, 0x0000000083400000| Untracked 
|  23|0x0000000083500000, 0x0000000083600000, 0x0000000083600000|100%| O|  |TAMS 0x0000000083500000, 0x0000000083500000| Untracked 
|  24|0x0000000083600000, 0x00000000836ffff0, 0x0000000083700000| 99%| O|  |TAMS 0x0000000083600000, 0x0000000083600000| Untracked 
|  25|0x0000000083700000, 0x0000000083800000, 0x0000000083800000|100%| O|  |TAMS 0x0000000083700000, 0x0000000083700000| Untracked 
|  26|0x0000000083800000, 0x00000000838ffff0, 0x0000000083900000| 99%| O|  |TAMS 0x0000000083800000, 0x0000000083800000| Untracked 
|  27|0x0000000083900000, 0x00000000839ffff8, 0x0000000083a00000| 99%| O|  |TAMS 0x0000000083900000, 0x0000000083900000| Untracked 
|  28|0x0000000083a00000, 0x0000000083afffe0, 0x0000000083b00000| 99%| O|  |TAMS 0x0000000083a00000, 0x0000000083a00000| Untracked 
|  29|0x0000000083b00000, 0x0000000083bfffc8, 0x0000000083c00000| 99%| O|  |TAMS 0x0000000083b00000, 0x0000000083b00000| Untracked 
|  30|0x0000000083c00000, 0x0000000083cfff08, 0x0000000083d00000| 99%| O|  |TAMS 0x0000000083c00000, 0x0000000083c00000| Untracked 
|  31|0x0000000083d00000, 0x0000000083dffff0, 0x0000000083e00000| 99%| O|  |TAMS 0x0000000083d00000, 0x0000000083d00000| Untracked 
|  32|0x0000000083e00000, 0x0000000083f00000, 0x0000000083f00000|100%| O|  |TAMS 0x0000000083e00000, 0x0000000083e00000| Untracked 
|  33|0x0000000083f00000, 0x0000000083ffffd0, 0x0000000084000000| 99%| O|  |TAMS 0x0000000083f00000, 0x0000000083f00000| Untracked 
|  34|0x0000000084000000, 0x00000000840fffe0, 0x0000000084100000| 99%| O|  |TAMS 0x0000000084000000, 0x0000000084000000| Untracked 
|  35|0x0000000084100000, 0x00000000841ffff8, 0x0000000084200000| 99%| O|  |TAMS 0x0000000084100000, 0x0000000084100000| Untracked 
|  36|0x0000000084200000, 0x00000000842fffb0, 0x0000000084300000| 99%| O|  |TAMS 0x0000000084200000, 0x0000000084200000| Untracked 
|  37|0x0000000084300000, 0x00000000843ffff8, 0x0000000084400000| 99%| O|  |TAMS 0x0000000084300000, 0x0000000084300000| Untracked 
|  38|0x0000000084400000, 0x00000000844ffb20, 0x0000000084500000| 99%| O|  |TAMS 0x0000000084400000, 0x0000000084400000| Untracked 
|  39|0x0000000084500000, 0x00000000845fffc0, 0x0000000084600000| 99%| O|  |TAMS 0x0000000084500000, 0x0000000084500000| Untracked 
|  40|0x0000000084600000, 0x00000000846ffff8, 0x0000000084700000| 99%| O|  |TAMS 0x0000000084600000, 0x0000000084600000| Untracked 
|  41|0x0000000084700000, 0x0000000084727a20, 0x0000000084800000| 15%| O|  |TAMS 0x0000000084700000, 0x0000000084700000| Untracked 
|  42|0x0000000084800000, 0x00000000848527a8, 0x0000000084900000| 32%| O|  |TAMS 0x0000000084800000, 0x0000000084800000| Untracked 
|  43|0x0000000084900000, 0x0000000084900000, 0x0000000084a00000|  0%| F|  |TAMS 0x0000000084900000, 0x0000000084900000| Untracked 
|  44|0x0000000084a00000, 0x0000000084a00000, 0x0000000084b00000|  0%| F|  |TAMS 0x0000000084a00000, 0x0000000084a00000| Untracked 
|  45|0x0000000084b00000, 0x0000000084b00000, 0x0000000084c00000|  0%| F|  |TAMS 0x0000000084b00000, 0x0000000084b00000| Untracked 
|  46|0x0000000084c00000, 0x0000000084cc7ef8, 0x0000000084d00000| 78%| O|  |TAMS 0x0000000084c00000, 0x0000000084c00000| Untracked 
|  47|0x0000000084d00000, 0x0000000084d00000, 0x0000000084e00000|  0%| F|  |TAMS 0x0000000084d00000, 0x0000000084d00000| Untracked 
|  48|0x0000000084e00000, 0x0000000084e00000, 0x0000000084f00000|  0%| F|  |TAMS 0x0000000084e00000, 0x0000000084e00000| Untracked 
|  49|0x0000000084f00000, 0x0000000084f00000, 0x0000000085000000|  0%| F|  |TAMS 0x0000000084f00000, 0x0000000084f00000| Untracked 
|  50|0x0000000085000000, 0x0000000085000000, 0x0000000085100000|  0%| F|  |TAMS 0x0000000085000000, 0x0000000085000000| Untracked 
|  51|0x0000000085100000, 0x0000000085100000, 0x0000000085200000|  0%| F|  |TAMS 0x0000000085100000, 0x0000000085100000| Untracked 
|  52|0x0000000085200000, 0x0000000085200000, 0x0000000085300000|  0%| F|  |TAMS 0x0000000085200000, 0x0000000085200000| Untracked 
|  53|0x0000000085300000, 0x0000000085300000, 0x0000000085400000|  0%| F|  |TAMS 0x0000000085300000, 0x0000000085300000| Untracked 
|  54|0x0000000085400000, 0x0000000085400000, 0x0000000085500000|  0%| F|  |TAMS 0x0000000085400000, 0x0000000085400000| Untracked 
|  55|0x0000000085500000, 0x0000000085500000, 0x0000000085600000|  0%| F|  |TAMS 0x0000000085500000, 0x0000000085500000| Untracked 
|  56|0x0000000085600000, 0x0000000085600000, 0x0000000085700000|  0%| F|  |TAMS 0x0000000085600000, 0x0000000085600000| Untracked 
|  57|0x0000000085700000, 0x0000000085700000, 0x0000000085800000|  0%| F|  |TAMS 0x0000000085700000, 0x0000000085700000| Untracked 
|  58|0x0000000085800000, 0x0000000085800000, 0x0000000085900000|  0%| F|  |TAMS 0x0000000085800000, 0x0000000085800000| Untracked 
|  59|0x0000000085900000, 0x0000000085900000, 0x0000000085a00000|  0%| F|  |TAMS 0x0000000085900000, 0x0000000085900000| Untracked 
|  60|0x0000000085a00000, 0x0000000085a00000, 0x0000000085b00000|  0%| F|  |TAMS 0x0000000085a00000, 0x0000000085a00000| Untracked 
|  61|0x0000000085b00000, 0x0000000085b00000, 0x0000000085c00000|  0%| F|  |TAMS 0x0000000085b00000, 0x0000000085b00000| Untracked 
|  62|0x0000000085c00000, 0x0000000085c00000, 0x0000000085d00000|  0%| F|  |TAMS 0x0000000085c00000, 0x0000000085c00000| Untracked 
|  63|0x0000000085d00000, 0x0000000085d00000, 0x0000000085e00000|  0%| F|  |TAMS 0x0000000085d00000, 0x0000000085d00000| Untracked 
|  64|0x0000000085e00000, 0x0000000085e00000, 0x0000000085f00000|  0%| F|  |TAMS 0x0000000085e00000, 0x0000000085e00000| Untracked 
|  65|0x0000000085f00000, 0x0000000085f00000, 0x0000000086000000|  0%| F|  |TAMS 0x0000000085f00000, 0x0000000085f00000| Untracked 
|  66|0x0000000086000000, 0x0000000086000000, 0x0000000086100000|  0%| F|  |TAMS 0x0000000086000000, 0x0000000086000000| Untracked 
|  67|0x0000000086100000, 0x00000000861e6b80, 0x0000000086200000| 90%| S|CS|TAMS 0x0000000086100000, 0x0000000086100000| Complete 
|  68|0x0000000086200000, 0x000000008626d6d0, 0x0000000086300000| 42%| O|  |TAMS 0x0000000086200000, 0x0000000086200000| Untracked 
|  69|0x0000000086300000, 0x0000000086400000, 0x0000000086400000|100%| S|CS|TAMS 0x0000000086300000, 0x0000000086300000| Complete 
|  70|0x0000000086400000, 0x0000000086500000, 0x0000000086500000|100%| S|CS|TAMS 0x0000000086400000, 0x0000000086400000| Complete 
|  71|0x0000000086500000, 0x0000000086500000, 0x0000000086600000|  0%| F|  |TAMS 0x0000000086500000, 0x0000000086500000| Untracked 
|  72|0x0000000086600000, 0x0000000086600000, 0x0000000086700000|  0%| F|  |TAMS 0x0000000086600000, 0x0000000086600000| Untracked 
|  73|0x0000000086700000, 0x0000000086700000, 0x0000000086800000|  0%| F|  |TAMS 0x0000000086700000, 0x0000000086700000| Untracked 
|  74|0x0000000086800000, 0x0000000086800000, 0x0000000086900000|  0%| F|  |TAMS 0x0000000086800000, 0x0000000086800000| Untracked 
|  75|0x0000000086900000, 0x0000000086900000, 0x0000000086a00000|  0%| F|  |TAMS 0x0000000086900000, 0x0000000086900000| Untracked 
|  76|0x0000000086a00000, 0x0000000086a00000, 0x0000000086b00000|  0%| F|  |TAMS 0x0000000086a00000, 0x0000000086a00000| Untracked 
|  77|0x0000000086b00000, 0x0000000086b00000, 0x0000000086c00000|  0%| F|  |TAMS 0x0000000086b00000, 0x0000000086b00000| Untracked 
|  78|0x0000000086c00000, 0x0000000086c00000, 0x0000000086d00000|  0%| F|  |TAMS 0x0000000086c00000, 0x0000000086c00000| Untracked 
|  79|0x0000000086d00000, 0x0000000086d00000, 0x0000000086e00000|  0%| F|  |TAMS 0x0000000086d00000, 0x0000000086d00000| Untracked 
|  80|0x0000000086e00000, 0x0000000086e00000, 0x0000000086f00000|  0%| F|  |TAMS 0x0000000086e00000, 0x0000000086e00000| Untracked 
|  81|0x0000000086f00000, 0x0000000086f00000, 0x0000000087000000|  0%| F|  |TAMS 0x0000000086f00000, 0x0000000086f00000| Untracked 
|  82|0x0000000087000000, 0x0000000087000000, 0x0000000087100000|  0%| F|  |TAMS 0x0000000087000000, 0x0000000087000000| Untracked 
|  83|0x0000000087100000, 0x0000000087100000, 0x0000000087200000|  0%| F|  |TAMS 0x0000000087100000, 0x0000000087100000| Untracked 
|  84|0x0000000087200000, 0x0000000087200000, 0x0000000087300000|  0%| F|  |TAMS 0x0000000087200000, 0x0000000087200000| Untracked 
|  85|0x0000000087300000, 0x0000000087300000, 0x0000000087400000|  0%| F|  |TAMS 0x0000000087300000, 0x0000000087300000| Untracked 
|  86|0x0000000087400000, 0x0000000087400000, 0x0000000087500000|  0%| F|  |TAMS 0x0000000087400000, 0x0000000087400000| Untracked 
|  87|0x0000000087500000, 0x0000000087500000, 0x0000000087600000|  0%| F|  |TAMS 0x0000000087500000, 0x0000000087500000| Untracked 
|  88|0x0000000087600000, 0x0000000087600000, 0x0000000087700000|  0%| F|  |TAMS 0x0000000087600000, 0x0000000087600000| Untracked 
|  89|0x0000000087700000, 0x0000000087700000, 0x0000000087800000|  0%| F|  |TAMS 0x0000000087700000, 0x0000000087700000| Untracked 
|  90|0x0000000087800000, 0x0000000087800000, 0x0000000087900000|  0%| F|  |TAMS 0x0000000087800000, 0x0000000087800000| Untracked 
|  91|0x0000000087900000, 0x0000000087900000, 0x0000000087a00000|  0%| F|  |TAMS 0x0000000087900000, 0x0000000087900000| Untracked 
|  92|0x0000000087a00000, 0x0000000087a00000, 0x0000000087b00000|  0%| F|  |TAMS 0x0000000087a00000, 0x0000000087a00000| Untracked 
|  93|0x0000000087b00000, 0x0000000087b00000, 0x0000000087c00000|  0%| F|  |TAMS 0x0000000087b00000, 0x0000000087b00000| Untracked 
|  94|0x0000000087c00000, 0x0000000087c00000, 0x0000000087d00000|  0%| F|  |TAMS 0x0000000087c00000, 0x0000000087c00000| Untracked 
|  95|0x0000000087d00000, 0x0000000087d00000, 0x0000000087e00000|  0%| F|  |TAMS 0x0000000087d00000, 0x0000000087d00000| Untracked 
|  96|0x0000000087e00000, 0x0000000087e00000, 0x0000000087f00000|  0%| F|  |TAMS 0x0000000087e00000, 0x0000000087e00000| Untracked 
|  97|0x0000000087f00000, 0x0000000087f00000, 0x0000000088000000|  0%| F|  |TAMS 0x0000000087f00000, 0x0000000087f00000| Untracked 
|  98|0x0000000088000000, 0x0000000088000000, 0x0000000088100000|  0%| F|  |TAMS 0x0000000088000000, 0x0000000088000000| Untracked 
|  99|0x0000000088100000, 0x0000000088100000, 0x0000000088200000|  0%| F|  |TAMS 0x0000000088100000, 0x0000000088100000| Untracked 
| 100|0x0000000088200000, 0x0000000088200000, 0x0000000088300000|  0%| F|  |TAMS 0x0000000088200000, 0x0000000088200000| Untracked 
| 101|0x0000000088300000, 0x0000000088300000, 0x0000000088400000|  0%| F|  |TAMS 0x0000000088300000, 0x0000000088300000| Untracked 
| 102|0x0000000088400000, 0x0000000088400000, 0x0000000088500000|  0%| F|  |TAMS 0x0000000088400000, 0x0000000088400000| Untracked 
| 103|0x0000000088500000, 0x0000000088500000, 0x0000000088600000|  0%| F|  |TAMS 0x0000000088500000, 0x0000000088500000| Untracked 
| 104|0x0000000088600000, 0x0000000088600000, 0x0000000088700000|  0%| F|  |TAMS 0x0000000088600000, 0x0000000088600000| Untracked 
| 105|0x0000000088700000, 0x0000000088700000, 0x0000000088800000|  0%| F|  |TAMS 0x0000000088700000, 0x0000000088700000| Untracked 
| 106|0x0000000088800000, 0x0000000088800000, 0x0000000088900000|  0%| F|  |TAMS 0x0000000088800000, 0x0000000088800000| Untracked 
| 107|0x0000000088900000, 0x0000000088900000, 0x0000000088a00000|  0%| F|  |TAMS 0x0000000088900000, 0x0000000088900000| Untracked 
| 108|0x0000000088a00000, 0x0000000088a00000, 0x0000000088b00000|  0%| F|  |TAMS 0x0000000088a00000, 0x0000000088a00000| Untracked 
| 109|0x0000000088b00000, 0x0000000088b00000, 0x0000000088c00000|  0%| F|  |TAMS 0x0000000088b00000, 0x0000000088b00000| Untracked 
| 110|0x0000000088c00000, 0x0000000088c00000, 0x0000000088d00000|  0%| F|  |TAMS 0x0000000088c00000, 0x0000000088c00000| Untracked 
| 111|0x0000000088d00000, 0x0000000088d00000, 0x0000000088e00000|  0%| F|  |TAMS 0x0000000088d00000, 0x0000000088d00000| Untracked 
| 112|0x0000000088e00000, 0x0000000088e00000, 0x0000000088f00000|  0%| F|  |TAMS 0x0000000088e00000, 0x0000000088e00000| Untracked 
| 113|0x0000000088f00000, 0x0000000088f00000, 0x0000000089000000|  0%| F|  |TAMS 0x0000000088f00000, 0x0000000088f00000| Untracked 
| 114|0x0000000089000000, 0x0000000089000000, 0x0000000089100000|  0%| F|  |TAMS 0x0000000089000000, 0x0000000089000000| Untracked 
| 115|0x0000000089100000, 0x0000000089100000, 0x0000000089200000|  0%| F|  |TAMS 0x0000000089100000, 0x0000000089100000| Untracked 
| 116|0x0000000089200000, 0x0000000089200000, 0x0000000089300000|  0%| F|  |TAMS 0x0000000089200000, 0x0000000089200000| Untracked 
| 117|0x0000000089300000, 0x0000000089300000, 0x0000000089400000|  0%| F|  |TAMS 0x0000000089300000, 0x0000000089300000| Untracked 
| 118|0x0000000089400000, 0x0000000089400000, 0x0000000089500000|  0%| F|  |TAMS 0x0000000089400000, 0x0000000089400000| Untracked 
| 119|0x0000000089500000, 0x0000000089500000, 0x0000000089600000|  0%| F|  |TAMS 0x0000000089500000, 0x0000000089500000| Untracked 
| 120|0x0000000089600000, 0x0000000089600000, 0x0000000089700000|  0%| F|  |TAMS 0x0000000089600000, 0x0000000089600000| Untracked 
| 121|0x0000000089700000, 0x0000000089700000, 0x0000000089800000|  0%| F|  |TAMS 0x0000000089700000, 0x0000000089700000| Untracked 
| 122|0x0000000089800000, 0x0000000089800000, 0x0000000089900000|  0%| F|  |TAMS 0x0000000089800000, 0x0000000089800000| Untracked 
| 123|0x0000000089900000, 0x0000000089900000, 0x0000000089a00000|  0%| F|  |TAMS 0x0000000089900000, 0x0000000089900000| Untracked 
| 124|0x0000000089a00000, 0x0000000089a00000, 0x0000000089b00000|  0%| F|  |TAMS 0x0000000089a00000, 0x0000000089a00000| Untracked 
| 125|0x0000000089b00000, 0x0000000089b00000, 0x0000000089c00000|  0%| F|  |TAMS 0x0000000089b00000, 0x0000000089b00000| Untracked 
| 126|0x0000000089c00000, 0x0000000089c00000, 0x0000000089d00000|  0%| F|  |TAMS 0x0000000089c00000, 0x0000000089c00000| Untracked 
| 127|0x0000000089d00000, 0x0000000089d00000, 0x0000000089e00000|  0%| F|  |TAMS 0x0000000089d00000, 0x0000000089d00000| Untracked 
| 128|0x0000000089e00000, 0x0000000089e00000, 0x0000000089f00000|  0%| F|  |TAMS 0x0000000089e00000, 0x0000000089e00000| Untracked 
| 129|0x0000000089f00000, 0x0000000089f00000, 0x000000008a000000|  0%| F|  |TAMS 0x0000000089f00000, 0x0000000089f00000| Untracked 
| 130|0x000000008a000000, 0x000000008a000000, 0x000000008a100000|  0%| F|  |TAMS 0x000000008a000000, 0x000000008a000000| Untracked 
| 131|0x000000008a100000, 0x000000008a100000, 0x000000008a200000|  0%| F|  |TAMS 0x000000008a100000, 0x000000008a100000| Untracked 
| 132|0x000000008a200000, 0x000000008a200000, 0x000000008a300000|  0%| F|  |TAMS 0x000000008a200000, 0x000000008a200000| Untracked 
| 133|0x000000008a300000, 0x000000008a300000, 0x000000008a400000|  0%| F|  |TAMS 0x000000008a300000, 0x000000008a300000| Untracked 
| 134|0x000000008a400000, 0x000000008a400000, 0x000000008a500000|  0%| F|  |TAMS 0x000000008a400000, 0x000000008a400000| Untracked 
| 135|0x000000008a500000, 0x000000008a500000, 0x000000008a600000|  0%| F|  |TAMS 0x000000008a500000, 0x000000008a500000| Untracked 
| 136|0x000000008a600000, 0x000000008a600000, 0x000000008a700000|  0%| F|  |TAMS 0x000000008a600000, 0x000000008a600000| Untracked 
| 137|0x000000008a700000, 0x000000008a700000, 0x000000008a800000|  0%| F|  |TAMS 0x000000008a700000, 0x000000008a700000| Untracked 
| 138|0x000000008a800000, 0x000000008a800000, 0x000000008a900000|  0%| F|  |TAMS 0x000000008a800000, 0x000000008a800000| Untracked 
| 139|0x000000008a900000, 0x000000008a900000, 0x000000008aa00000|  0%| F|  |TAMS 0x000000008a900000, 0x000000008a900000| Untracked 
| 140|0x000000008aa00000, 0x000000008aa00000, 0x000000008ab00000|  0%| F|  |TAMS 0x000000008aa00000, 0x000000008aa00000| Untracked 
| 141|0x000000008ab00000, 0x000000008ab00000, 0x000000008ac00000|  0%| F|  |TAMS 0x000000008ab00000, 0x000000008ab00000| Untracked 
| 142|0x000000008ac00000, 0x000000008ac00000, 0x000000008ad00000|  0%| F|  |TAMS 0x000000008ac00000, 0x000000008ac00000| Untracked 
| 143|0x000000008ad00000, 0x000000008ad00000, 0x000000008ae00000|  0%| F|  |TAMS 0x000000008ad00000, 0x000000008ad00000| Untracked 
| 144|0x000000008ae00000, 0x000000008ae00000, 0x000000008af00000|  0%| F|  |TAMS 0x000000008ae00000, 0x000000008ae00000| Untracked 
| 145|0x000000008af00000, 0x000000008af00000, 0x000000008b000000|  0%| F|  |TAMS 0x000000008af00000, 0x000000008af00000| Untracked 
| 146|0x000000008b000000, 0x000000008b000000, 0x000000008b100000|  0%| F|  |TAMS 0x000000008b000000, 0x000000008b000000| Untracked 

Card table byte_map: [0x000002ab4e120000,0x000002ab4e520000] _byte_map_base: 0x000002ab4dd11000

Marking Bits (Prev, Next): (CMBitMap*) 0x000002ab3b4bece0, (CMBitMap*) 0x000002ab3b4beca0
 Prev Bits: [0x000002ab508b0000, 0x000002ab52838000)
 Next Bits: [0x000002ab4e920000, 0x000002ab508a8000)

Polling page: 0x000002ab39420000

Metaspace:

Usage:
  Non-class:     70.48 MB used.
      Class:     10.27 MB used.
       Both:     80.75 MB used.

Virtual space:
  Non-class space:       72.00 MB reserved,      71.12 MB ( 99%) committed,  9 nodes.
      Class space:        1.00 GB reserved,      10.88 MB (  1%) committed,  1 nodes.
              Both:        1.07 GB reserved,      82.00 MB (  7%) committed. 

Chunk freelists:
   Non-Class:  880.00 KB
       Class:  1.15 MB
        Both:  2.01 MB

MaxMetaspaceSize: 17179869184.00 GB
CompressedClassSpaceSize: 1.00 GB
 - commit_granule_bytes: 65536.
 - commit_granule_words: 8192.
 - virtual_space_node_default_size: 1048576.
 - enlarge_chunks_in_place: 1.
 - new_chunks_are_fully_committed: 0.
 - uncommit_free_chunks: 1.
 - use_allocation_guard: 0.
 - handle_deallocations: 1.


Internal statistics:

num_allocs_failed_limit: 11.
num_arena_births: 1862.
num_arena_deaths: 38.
num_vsnodes_births: 10.
num_vsnodes_deaths: 0.
num_space_committed: 1312.
num_space_uncommitted: 0.
num_chunks_returned_to_freelist: 54.
num_chunks_taken_from_freelist: 5158.
num_chunk_merges: 11.
num_chunk_splits: 3193.
num_chunks_enlarged: 1906.
num_purges: 34.

CodeHeap 'non-profiled nmethods': size=238336Kb used=23508Kb max_used=23508Kb free=214827Kb
 bounds [0x000002ab3f130000, 0x000002ab40830000, 0x000002ab4d9f0000]
CodeHeap 'non-nmethods': size=7424Kb used=1345Kb max_used=1345Kb free=6078Kb
 bounds [0x000002ab3e9f0000, 0x000002ab3ec60000, 0x000002ab3f130000]
 total_blobs=14254 nmethods=13581 adapters=599
 compilation: enabled
              stopped_count=0, restarted_count=0
 full_count=0

Compilation events (20 events):
Event: 735.068 Thread 0x000002ab55c11c00 13593       1       sun.net.www.protocol.jar.URLJarFile::close (22 bytes)
Event: 735.068 Thread 0x000002ab55c11c00 nmethod 13593 0x000002ab40821a90 code [0x000002ab40821c40, 0x000002ab40821d98]
Event: 735.068 Thread 0x000002ab55c11c00 13594   !   1       sun.net.www.protocol.jar.JarFileFactory::close (46 bytes)
Event: 735.068 Thread 0x000002ab55c11c00 nmethod 13594 0x000002ab40821e90 code [0x000002ab40822080, 0x000002ab40822408]
Event: 735.175 Thread 0x000002ab55c11c00 13595       1       java.lang.System::getProperties (16 bytes)
Event: 735.176 Thread 0x000002ab55c11c00 nmethod 13595 0x000002ab40822790 code [0x000002ab40822960, 0x000002ab40822bb8]
Event: 735.524 Thread 0x000002ab55c11c00 13597       1       org.springframework.asm.Frame::setInputFrameFromDescriptor (175 bytes)
Event: 735.525 Thread 0x000002ab55c11c00 nmethod 13597 0x000002ab40822d10 code [0x000002ab40822f00, 0x000002ab40823458]
Event: 735.525 Thread 0x000002ab55c11c00 13596       1       org.springframework.asm.MethodWriter::visitMaxs (60 bytes)
Event: 735.525 Thread 0x000002ab55c11c00 nmethod 13596 0x000002ab40823810 code [0x000002ab408239e0, 0x000002ab40823b78]
Event: 735.564 Thread 0x000002ab55c11c00 13598       1       org.springframework.boot.autoconfigure.web.ServerProperties::getError (5 bytes)
Event: 735.564 Thread 0x000002ab55c11c00 nmethod 13598 0x000002ab40823c10 code [0x000002ab40823da0, 0x000002ab40823e78]
Event: 735.606 Thread 0x000002ab55c11c00 13599       1       org.apache.tomcat.util.net.AbstractEndpoint::getPortOffset (5 bytes)
Event: 735.606 Thread 0x000002ab55c11c00 nmethod 13599 0x000002ab40823f10 code [0x000002ab408240a0, 0x000002ab40824178]
Event: 735.612 Thread 0x000002ab55c11c00 13601       1       org.apache.catalina.webresources.AbstractFileResourceSet::isInvalidWindowsFilename (77 bytes)
Event: 735.613 Thread 0x000002ab55c11c00 nmethod 13601 0x000002ab40824210 code [0x000002ab40824400, 0x000002ab40824918]
Event: 735.613 Thread 0x000002ab55c11c00 13600       1       org.apache.catalina.webresources.StandardRoot::getAllowLinking (5 bytes)
Event: 735.613 Thread 0x000002ab55c11c00 nmethod 13600 0x000002ab40824c90 code [0x000002ab40824e20, 0x000002ab40824ef8]
Event: 735.649 Thread 0x000002ab55c11c00 13602       1       org.apache.catalina.core.StandardContext::getSwallowOutput (5 bytes)
Event: 735.649 Thread 0x000002ab55c11c00 nmethod 13602 0x000002ab40824f90 code [0x000002ab40825120, 0x000002ab408251f8]

GC Heap History (20 events):
Event: 704.809 GC heap after
{Heap after GC invocations=81 (full 12):
 garbage-first heap   total 140288K, used 42098K [0x0000000081e00000, 0x0000000100000000)
  region size 1024K, 0 young (0K), 0 survivors (0K)
 Metaspace       used 80150K, committed 81152K, reserved 1122304K
  class space    used 10250K, committed 10752K, reserved 1048576K
}
Event: 705.648 GC heap before
{Heap before GC invocations=81 (full 12):
 garbage-first heap   total 140288K, used 110706K [0x0000000081e00000, 0x0000000100000000)
  region size 1024K, 68 young (69632K), 0 survivors (0K)
 Metaspace       used 80283K, committed 81344K, reserved 1122304K
  class space    used 10270K, committed 10816K, reserved 1048576K
}
Event: 705.673 GC heap after
{Heap after GC invocations=82 (full 12):
 garbage-first heap   total 168960K, used 45170K [0x0000000081e00000, 0x0000000100000000)
  region size 1024K, 3 young (3072K), 3 survivors (3072K)
 Metaspace       used 80283K, committed 81344K, reserved 1122304K
  class space    used 10270K, committed 10816K, reserved 1048576K
}
Event: 710.923 GC heap before
{Heap before GC invocations=82 (full 12):
 garbage-first heap   total 168960K, used 121970K [0x0000000081e00000, 0x0000000100000000)
  region size 1024K, 79 young (80896K), 3 survivors (3072K)
 Metaspace       used 80663K, committed 81728K, reserved 1122304K
  class space    used 10292K, committed 10816K, reserved 1048576K
}
Event: 711.057 GC heap after
{Heap after GC invocations=83 (full 13):
 garbage-first heap   total 150528K, used 42629K [0x0000000081e00000, 0x0000000100000000)
  region size 1024K, 0 young (0K), 0 survivors (0K)
 Metaspace       used 80660K, committed 81728K, reserved 1122304K
  class space    used 10291K, committed 10816K, reserved 1048576K
}
Event: 711.550 GC heap before
{Heap before GC invocations=83 (full 13):
 garbage-first heap   total 150528K, used 119429K [0x0000000081e00000, 0x0000000100000000)
  region size 1024K, 76 young (77824K), 0 survivors (0K)
 Metaspace       used 80793K, committed 81856K, reserved 1122304K
  class space    used 10311K, committed 10816K, reserved 1048576K
}
Event: 711.556 GC heap after
{Heap after GC invocations=84 (full 13):
 garbage-first heap   total 150528K, used 45470K [0x0000000081e00000, 0x0000000100000000)
  region size 1024K, 3 young (3072K), 3 survivors (3072K)
 Metaspace       used 80793K, committed 81856K, reserved 1122304K
  class space    used 10311K, committed 10816K, reserved 1048576K
}
Event: 719.482 GC heap before
{Heap before GC invocations=84 (full 13):
 garbage-first heap   total 150528K, used 117150K [0x0000000081e00000, 0x0000000100000000)
  region size 1024K, 74 young (75776K), 3 survivors (3072K)
 Metaspace       used 81161K, committed 82240K, reserved 1122304K
  class space    used 10333K, committed 10880K, reserved 1048576K
}
Event: 719.616 GC heap after
{Heap after GC invocations=85 (full 14):
 garbage-first heap   total 150528K, used 42737K [0x0000000081e00000, 0x0000000100000000)
  region size 1024K, 0 young (0K), 0 survivors (0K)
 Metaspace       used 81159K, committed 82240K, reserved 1122304K
  class space    used 10333K, committed 10880K, reserved 1048576K
}
Event: 720.104 GC heap before
{Heap before GC invocations=85 (full 14):
 garbage-first heap   total 150528K, used 120561K [0x0000000081e00000, 0x0000000100000000)
  region size 1024K, 77 young (78848K), 0 survivors (0K)
 Metaspace       used 81292K, committed 82368K, reserved 1122304K
  class space    used 10353K, committed 10880K, reserved 1048576K
}
Event: 720.107 GC heap after
{Heap after GC invocations=86 (full 14):
 garbage-first heap   total 150528K, used 45603K [0x0000000081e00000, 0x0000000100000000)
  region size 1024K, 3 young (3072K), 3 survivors (3072K)
 Metaspace       used 81292K, committed 82368K, reserved 1122304K
  class space    used 10353K, committed 10880K, reserved 1048576K
}
Event: 722.981 GC heap before
{Heap before GC invocations=86 (full 14):
 garbage-first heap   total 150528K, used 111139K [0x0000000081e00000, 0x0000000100000000)
  region size 1024K, 68 young (69632K), 3 survivors (3072K)
 Metaspace       used 81662K, committed 82752K, reserved 1122304K
  class space    used 10374K, committed 10944K, reserved 1048576K
}
Event: 723.144 GC heap after
{Heap after GC invocations=87 (full 15):
 garbage-first heap   total 150528K, used 43073K [0x0000000081e00000, 0x0000000100000000)
  region size 1024K, 0 young (0K), 0 survivors (0K)
 Metaspace       used 81659K, committed 82752K, reserved 1122304K
  class space    used 10374K, committed 10944K, reserved 1048576K
}
Event: 723.653 GC heap before
{Heap before GC invocations=87 (full 15):
 garbage-first heap   total 150528K, used 119873K [0x0000000081e00000, 0x0000000100000000)
  region size 1024K, 76 young (77824K), 0 survivors (0K)
 Metaspace       used 81794K, committed 82880K, reserved 1122304K
  class space    used 10394K, committed 10944K, reserved 1048576K
}
Event: 723.657 GC heap after
{Heap after GC invocations=88 (full 15):
 garbage-first heap   total 150528K, used 45905K [0x0000000081e00000, 0x0000000100000000)
  region size 1024K, 3 young (3072K), 3 survivors (3072K)
 Metaspace       used 81794K, committed 82880K, reserved 1122304K
  class space    used 10394K, committed 10944K, reserved 1048576K
}
Event: 734.798 GC heap before
{Heap before GC invocations=88 (full 15):
 garbage-first heap   total 150528K, used 121681K [0x0000000081e00000, 0x0000000100000000)
  region size 1024K, 77 young (78848K), 3 survivors (3072K)
 Metaspace       used 82560K, committed 83840K, reserved 1122304K
  class space    used 10499K, committed 11136K, reserved 1048576K
}
Event: 734.809 GC heap after
{Heap after GC invocations=89 (full 15):
 garbage-first heap   total 150528K, used 48624K [0x0000000081e00000, 0x0000000100000000)
  region size 1024K, 6 young (6144K), 6 survivors (6144K)
 Metaspace       used 82560K, committed 83840K, reserved 1122304K
  class space    used 10499K, committed 11136K, reserved 1048576K
}
Event: 734.820 GC heap before
{Heap before GC invocations=89 (full 15):
 garbage-first heap   total 150528K, used 48624K [0x0000000081e00000, 0x0000000100000000)
  region size 1024K, 7 young (7168K), 6 survivors (6144K)
 Metaspace       used 82560K, committed 83840K, reserved 1122304K
  class space    used 10499K, committed 11136K, reserved 1048576K
}
Event: 734.975 GC heap after
{Heap after GC invocations=90 (full 16):
 garbage-first heap   total 150528K, used 43707K [0x0000000081e00000, 0x0000000100000000)
  region size 1024K, 0 young (0K), 0 survivors (0K)
 Metaspace       used 82557K, committed 83840K, reserved 1122304K
  class space    used 10499K, committed 11136K, reserved 1048576K
}
Event: 735.672 GC heap before
{Heap before GC invocations=90 (full 16):
 garbage-first heap   total 150528K, used 120507K [0x0000000081e00000, 0x0000000100000000)
  region size 1024K, 76 young (77824K), 0 survivors (0K)
 Metaspace       used 82692K, committed 83968K, reserved 1122304K
  class space    used 10519K, committed 11136K, reserved 1048576K
}

Deoptimization events (4 events):
Event: 4.313 Thread 0x000002ab5665b050 DEOPT PACKING pc=0x000002ab3f4147bc sp=0x000000f8946fccb0
Event: 4.313 Thread 0x000002ab5665b050 DEOPT UNPACKING pc=0x000002ab3ea3dece sp=0x000000f8946fc208 mode 0
Event: 9.447 Thread 0x000002ab5665b050 DEOPT PACKING pc=0x000002ab3f46626a sp=0x000000f8946fd320
Event: 9.447 Thread 0x000002ab5665b050 DEOPT UNPACKING pc=0x000002ab3ea3dece sp=0x000000f8946fc828 mode 3

Classes unloaded (19 events):
Event: 3.154 Thread 0x000002ab5527b0c0 Unloading class 0x0000000100143000 'java/lang/invoke/LambdaForm$MH+0x0000000100143000'
Event: 3.154 Thread 0x000002ab5527b0c0 Unloading class 0x0000000100142800 'java/lang/invoke/LambdaForm$MH+0x0000000100142800'
Event: 3.154 Thread 0x000002ab5527b0c0 Unloading class 0x0000000100142000 'java/lang/invoke/LambdaForm$MH+0x0000000100142000'
Event: 3.154 Thread 0x000002ab5527b0c0 Unloading class 0x0000000100141800 'java/lang/invoke/LambdaForm$MH+0x0000000100141800'
Event: 215.282 Thread 0x000002ab5527b0c0 Unloading class 0x0000000100934400 'java/lang/invoke/LambdaForm$DMH+0x0000000100934400'
Event: 269.091 Thread 0x000002ab5527b0c0 Unloading class 0x000000010095ac00 'org/apache/catalina/loader/JdbcLeakPrevention'
Event: 289.759 Thread 0x000002ab5527b0c0 Unloading class 0x000000010096ec00 'org/apache/catalina/loader/JdbcLeakPrevention'
Event: 326.602 Thread 0x000002ab5527b0c0 Unloading class 0x000000010097ec00 'org/apache/catalina/loader/JdbcLeakPrevention'
Event: 370.456 Thread 0x000002ab5527b0c0 Unloading class 0x0000000100988800 'org/apache/catalina/loader/JdbcLeakPrevention'
Event: 579.101 Thread 0x000002ab5527b0c0 Unloading class 0x00000001009b5800 'org/apache/catalina/loader/JdbcLeakPrevention'
Event: 622.156 Thread 0x000002ab5527b0c0 Unloading class 0x0000000100a02800 'org/apache/catalina/loader/JdbcLeakPrevention'
Event: 650.265 Thread 0x000002ab5527b0c0 Unloading class 0x0000000100a11c00 'org/apache/catalina/loader/JdbcLeakPrevention'
Event: 690.368 Thread 0x000002ab5527b0c0 Unloading class 0x0000000100a20c00 'org/apache/catalina/loader/JdbcLeakPrevention'
Event: 698.105 Thread 0x000002ab5527b0c0 Unloading class 0x0000000100a64000 'org/apache/catalina/loader/JdbcLeakPrevention'
Event: 704.462 Thread 0x000002ab5527b0c0 Unloading class 0x0000000100a70800 'org/apache/catalina/loader/JdbcLeakPrevention'
Event: 710.960 Thread 0x000002ab5527b0c0 Unloading class 0x0000000100a7c800 'org/apache/catalina/loader/JdbcLeakPrevention'
Event: 719.544 Thread 0x000002ab5527b0c0 Unloading class 0x0000000100a88800 'org/apache/catalina/loader/JdbcLeakPrevention'
Event: 723.047 Thread 0x000002ab5527b0c0 Unloading class 0x0000000100a94800 'org/apache/catalina/loader/JdbcLeakPrevention'
Event: 734.871 Thread 0x000002ab5527b0c0 Unloading class 0x0000000100aa0800 'org/apache/catalina/loader/JdbcLeakPrevention'

Classes redefined (0 events):
No events

Internal exceptions (20 events):
Event: 724.413 Thread 0x000002ab5af8ba30 Exception <a 'java/lang/ClassNotFoundException'{0x000000008881f170}: java/lang/ObjectCustomizer> (0x000000008881f170) 
thrown [t:\workspace\open\src\hotspot\share\classfile\systemDictionary.cpp, line 256]
Event: 724.413 Thread 0x000002ab5af8ba30 Exception <a 'java/lang/ClassNotFoundException'{0x000000008882a650}: com/findMeHospital/entities/RoomCustomizer> (0x000000008882a650) 
thrown [t:\workspace\open\src\hotspot\share\classfile\systemDictionary.cpp, line 256]
Event: 734.795 Thread 0x000002ab5af88fb0 Exception <a 'java/lang/InterruptedException'{0x00000000867bce20}: sleep interrupted> (0x00000000867bce20) 
thrown [t:\workspace\open\src\hotspot\share\prims\jvm.cpp, line 3305]
Event: 734.814 Thread 0x000002ab5af8b4e0 Exception <a 'java/io/IOException'{0x000000008b04a7f8}> (0x000000008b04a7f8) 
thrown [t:\workspace\open\src\hotspot\share\prims\jni.cpp, line 579]
Event: 734.815 Thread 0x000002ab5af8b4e0 Exception <a 'java/io/IOException'{0x000000008b04c5f8}> (0x000000008b04c5f8) 
thrown [t:\workspace\open\src\hotspot\share\prims\jni.cpp, line 579]
Event: 734.816 Thread 0x000002ab5af8b4e0 Exception <a 'java/io/IOException'{0x000000008b04e3f8}> (0x000000008b04e3f8) 
thrown [t:\workspace\open\src\hotspot\share\prims\jni.cpp, line 579]
Event: 734.818 Thread 0x000002ab5af8b4e0 Exception <a 'java/net/SocketException'{0x000000008b053178}: Connection reset by peer: shutdown> (0x000000008b053178) 
thrown [t:\workspace\open\src\hotspot\share\prims\jni.cpp, line 600]
Event: 734.819 Thread 0x000002ab5af8b4e0 Exception <a 'java/net/SocketException'{0x000000008b054978}: Connection reset by peer: shutdown> (0x000000008b054978) 
thrown [t:\workspace\open\src\hotspot\share\prims\jni.cpp, line 600]
Event: 734.998 Thread 0x000002ab5af909e0 Exception <a 'java/io/FileNotFoundException'{0x000000008b0bb400}> (0x000000008b0bb400) 
thrown [t:\workspace\open\src\hotspot\share\prims\jni.cpp, line 579]
Event: 735.534 Thread 0x000002ab5af909e0 Exception <a 'java/lang/NoClassDefFoundError'{0x00000000896406e0}: org/flywaydb/core/Flyway> (0x00000000896406e0) 
thrown [t:\workspace\open\src\hotspot\share\oops\constantPool.cpp, line 809]
Event: 735.534 Thread 0x000002ab5af909e0 Exception <a 'java/lang/NoClassDefFoundError'{0x0000000089640a08}: liquibase/integration/spring/SpringLiquibase> (0x0000000089640a08) 
thrown [t:\workspace\open\src\hotspot\share\oops\constantPool.cpp, line 809]
Event: 735.542 Thread 0x000002ab5af909e0 Exception <a 'java/lang/NoClassDefFoundError'{0x00000000896a5518}: org/jooq/DSLContext> (0x00000000896a5518) 
thrown [t:\workspace\open\src\hotspot\share\oops\constantPool.cpp, line 809]
Event: 735.543 Thread 0x000002ab5af909e0 Exception <a 'java/lang/NoClassDefFoundError'{0x00000000896b46b8}: org/springframework/batch/core/repository/JobRepository> (0x00000000896b46b8) 
thrown [t:\workspace\open\src\hotspot\share\oops\constantPool.cpp, line 809]
Event: 735.543 Thread 0x000002ab5af909e0 Exception <a 'java/lang/NoClassDefFoundError'{0x00000000896b49f0}: org/quartz/Scheduler> (0x00000000896b49f0) 
thrown [t:\workspace\open\src\hotspot\share\oops\constantPool.cpp, line 809]
Event: 735.543 Thread 0x000002ab5af909e0 Exception <a 'java/lang/NoClassDefFoundError'{0x00000000896b4d28}: org/springframework/session/jdbc/JdbcIndexedSessionRepository> (0x00000000896b4d28) 
thrown [t:\workspace\open\src\hotspot\share\oops\constantPool.cpp, line 809]
Event: 735.605 Thread 0x000002ab5af909e0 Exception <a 'sun/nio/fs/WindowsException'{0x0000000086a69e88}> (0x0000000086a69e88) 
thrown [t:\workspace\open\src\hotspot\share\prims\jni.cpp, line 579]
Event: 735.605 Thread 0x000002ab5af909e0 Exception <a 'sun/nio/fs/WindowsException'{0x0000000086a6a5b0}> (0x0000000086a6a5b0) 
thrown [t:\workspace\open\src\hotspot\share\prims\jni.cpp, line 579]
Event: 735.605 Thread 0x000002ab5af909e0 Exception <a 'sun/nio/fs/WindowsException'{0x0000000086a6aca8}> (0x0000000086a6aca8) 
thrown [t:\workspace\open\src\hotspot\share\prims\jni.cpp, line 579]
Event: 735.619 Thread 0x000002ab5af909e0 Exception <a 'java/io/FileNotFoundException'{0x0000000086a9c1b0}> (0x0000000086a9c1b0) 
thrown [t:\workspace\open\src\hotspot\share\prims\jni.cpp, line 579]
Event: 735.648 Thread 0x000002ab5af909e0 Exception <a 'java/io/FileNotFoundException'{0x00000000868ea698}> (0x00000000868ea698) 
thrown [t:\workspace\open\src\hotspot\share\prims\jni.cpp, line 579]

Events (20 events):
Event: 734.811 Thread 0x000002ab5af8b4e0 Thread added: 0x000002ab5af8b4e0
Event: 734.812 Thread 0x000002ab5af90490 Thread exited: 0x000002ab5af90490
Event: 734.819 Thread 0x000002ab5af8b4e0 Thread exited: 0x000002ab5af8b4e0
Event: 734.820 Executing  VM operation: G1CollectFull
Event: 734.976 Executing  VM operation: G1CollectFull done
Event: 734.976 Thread 0x000002ab5af89fa0 Thread added: 0x000002ab5af89fa0
Event: 734.976 Thread 0x000002ab5af89fa0 Thread exited: 0x000002ab5af89fa0
Event: 734.977 Thread 0x000002ab5af909e0 Thread added: 0x000002ab5af909e0
Event: 735.014 Executing  VM operation: ICBufferFull
Event: 735.014 Executing  VM operation: ICBufferFull done
Event: 735.048 Executing  VM operation: ICBufferFull
Event: 735.048 Executing  VM operation: ICBufferFull done
Event: 735.070 Thread 0x000002ab5af90490 Thread added: 0x000002ab5af90490
Event: 735.094 Thread 0x000002ab5af90490 Thread exited: 0x000002ab5af90490
Event: 735.554 Executing  VM operation: ICBufferFull
Event: 735.554 Executing  VM operation: ICBufferFull done
Event: 735.649 Thread 0x000002ab5af88fb0 Thread added: 0x000002ab5af88fb0
Event: 735.649 Thread 0x000002ab5af8aa40 Thread added: 0x000002ab5af8aa40
Event: 735.650 Thread 0x000002ab5af89a50 Thread added: 0x000002ab5af89a50
Event: 735.671 Executing  VM operation: G1CollectForAllocation


Dynamic libraries:
0x00007ff79b780000 - 0x00007ff79b78e000 	C:\Users\Anup-Xtha\Documents\NetBeansProjects\Spring\27 - Spring Boot\sts-4.11.1.RELEASE\plugins\org.eclipse.justj.openjdk.hotspot.jre.full.win32.x86_64_16.0.2.v20210721-1149\jre\bin\javaw.exe
0x00007ffd38f10000 - 0x00007ffd39105000 	C:\WINDOWS\SYSTEM32\ntdll.dll
0x00007ffd374b0000 - 0x00007ffd3756e000 	C:\WINDOWS\System32\KERNEL32.DLL
0x00007ffd369c0000 - 0x00007ffd36c88000 	C:\WINDOWS\System32\KERNELBASE.dll
0x00007ffd36730000 - 0x00007ffd36830000 	C:\WINDOWS\System32\ucrtbase.dll
0x00007ffd320c0000 - 0x00007ffd320d8000 	C:\Users\Anup-Xtha\Documents\NetBeansProjects\Spring\27 - Spring Boot\sts-4.11.1.RELEASE\plugins\org.eclipse.justj.openjdk.hotspot.jre.full.win32.x86_64_16.0.2.v20210721-1149\jre\bin\jli.dll
0x00007ffd32120000 - 0x00007ffd32139000 	C:\Users\Anup-Xtha\Documents\NetBeansProjects\Spring\27 - Spring Boot\sts-4.11.1.RELEASE\plugins\org.eclipse.justj.openjdk.hotspot.jre.full.win32.x86_64_16.0.2.v20210721-1149\jre\bin\VCRUNTIME140.dll
0x00007ffd37ef0000 - 0x00007ffd38090000 	C:\WINDOWS\System32\USER32.dll
0x00007ffd36df0000 - 0x00007ffd36e12000 	C:\WINDOWS\System32\win32u.dll
0x00007ffd38ea0000 - 0x00007ffd38ecb000 	C:\WINDOWS\System32\GDI32.dll
0x00007ffd36620000 - 0x00007ffd3672d000 	C:\WINDOWS\System32\gdi32full.dll
0x00007ffd36920000 - 0x00007ffd369bd000 	C:\WINDOWS\System32\msvcp_win.dll
0x00007ffd1feb0000 - 0x00007ffd2014a000 	C:\WINDOWS\WinSxS\amd64_microsoft.windows.common-controls_6595b64144ccf1df_6.0.19041.1110_none_60b5254171f9507e\COMCTL32.dll
0x00007ffd37410000 - 0x00007ffd374ae000 	C:\WINDOWS\System32\msvcrt.dll
0x00007ffd38190000 - 0x00007ffd381c0000 	C:\WINDOWS\System32\IMM32.DLL
0x00007ffd32190000 - 0x00007ffd3219c000 	C:\Users\Anup-Xtha\Documents\NetBeansProjects\Spring\27 - Spring Boot\sts-4.11.1.RELEASE\plugins\org.eclipse.justj.openjdk.hotspot.jre.full.win32.x86_64_16.0.2.v20210721-1149\jre\bin\vcruntime140_1.dll
0x00007ffd174f0000 - 0x00007ffd17581000 	C:\Users\Anup-Xtha\Documents\NetBeansProjects\Spring\27 - Spring Boot\sts-4.11.1.RELEASE\plugins\org.eclipse.justj.openjdk.hotspot.jre.full.win32.x86_64_16.0.2.v20210721-1149\jre\bin\msvcp140.dll
0x00007ffccca80000 - 0x00007ffccd62b000 	C:\Users\Anup-Xtha\Documents\NetBeansProjects\Spring\27 - Spring Boot\sts-4.11.1.RELEASE\plugins\org.eclipse.justj.openjdk.hotspot.jre.full.win32.x86_64_16.0.2.v20210721-1149\jre\bin\server\jvm.dll
0x00007ffd38a50000 - 0x00007ffd38afe000 	C:\WINDOWS\System32\ADVAPI32.dll
0x00007ffd37e50000 - 0x00007ffd37eec000 	C:\WINDOWS\System32\sechost.dll
0x00007ffd37570000 - 0x00007ffd37695000 	C:\WINDOWS\System32\RPCRT4.dll
0x00007ffd38d30000 - 0x00007ffd38d38000 	C:\WINDOWS\System32\PSAPI.DLL
0x00007ffd1b8b0000 - 0x00007ffd1b8b9000 	C:\WINDOWS\SYSTEM32\WSOCK32.dll
0x00007ffd38d40000 - 0x00007ffd38dab000 	C:\WINDOWS\System32\WS2_32.dll
0x00007ffd1ee40000 - 0x00007ffd1ee67000 	C:\WINDOWS\SYSTEM32\WINMM.dll
0x00007ffd2e320000 - 0x00007ffd2e32a000 	C:\WINDOWS\SYSTEM32\VERSION.dll
0x00007ffd34510000 - 0x00007ffd34522000 	C:\WINDOWS\SYSTEM32\kernel.appcore.dll
0x00007ffd32100000 - 0x00007ffd3210a000 	C:\Users\Anup-Xtha\Documents\NetBeansProjects\Spring\27 - Spring Boot\sts-4.11.1.RELEASE\plugins\org.eclipse.justj.openjdk.hotspot.jre.full.win32.x86_64_16.0.2.v20210721-1149\jre\bin\jimage.dll
0x00007ffd1d220000 - 0x00007ffd1d404000 	C:\WINDOWS\SYSTEM32\DBGHELP.DLL
0x00007ffd1d010000 - 0x00007ffd1d03c000 	C:\WINDOWS\SYSTEM32\dbgcore.DLL
0x00007ffd36e20000 - 0x00007ffd36ea2000 	C:\WINDOWS\System32\bcryptPrimitives.dll
0x00007ffd2eea0000 - 0x00007ffd2eec5000 	C:\Users\Anup-Xtha\Documents\NetBeansProjects\Spring\27 - Spring Boot\sts-4.11.1.RELEASE\plugins\org.eclipse.justj.openjdk.hotspot.jre.full.win32.x86_64_16.0.2.v20210721-1149\jre\bin\java.dll
0x00007ffd2f080000 - 0x00007ffd2f098000 	C:\Users\Anup-Xtha\Documents\NetBeansProjects\Spring\27 - Spring Boot\sts-4.11.1.RELEASE\plugins\org.eclipse.justj.openjdk.hotspot.jre.full.win32.x86_64_16.0.2.v20210721-1149\jre\bin\zip.dll
0x00007ffd37700000 - 0x00007ffd37e44000 	C:\WINDOWS\System32\SHELL32.dll
0x00007ffd34710000 - 0x00007ffd34ea4000 	C:\WINDOWS\SYSTEM32\windows.storage.dll
0x00007ffd38640000 - 0x00007ffd38995000 	C:\WINDOWS\System32\combase.dll
0x00007ffd36070000 - 0x00007ffd3609e000 	C:\WINDOWS\SYSTEM32\Wldp.dll
0x00007ffd389a0000 - 0x00007ffd38a4d000 	C:\WINDOWS\System32\SHCORE.dll
0x00007ffd376a0000 - 0x00007ffd376f5000 	C:\WINDOWS\System32\shlwapi.dll
0x00007ffd36560000 - 0x00007ffd3657f000 	C:\WINDOWS\SYSTEM32\profapi.dll
0x00007ffd2ee80000 - 0x00007ffd2ee99000 	C:\Users\Anup-Xtha\Documents\NetBeansProjects\Spring\27 - Spring Boot\sts-4.11.1.RELEASE\plugins\org.eclipse.justj.openjdk.hotspot.jre.full.win32.x86_64_16.0.2.v20210721-1149\jre\bin\net.dll
0x00007ffd27e20000 - 0x00007ffd27f2c000 	C:\WINDOWS\SYSTEM32\WINHTTP.dll
0x00007ffd35dd0000 - 0x00007ffd35e3a000 	C:\WINDOWS\system32\mswsock.dll
0x00007ffd2ee60000 - 0x00007ffd2ee73000 	C:\Users\Anup-Xtha\Documents\NetBeansProjects\Spring\27 - Spring Boot\sts-4.11.1.RELEASE\plugins\org.eclipse.justj.openjdk.hotspot.jre.full.win32.x86_64_16.0.2.v20210721-1149\jre\bin\nio.dll
0x00007ffd2ecb0000 - 0x00007ffd2ecb9000 	C:\Users\Anup-Xtha\Documents\NetBeansProjects\Spring\27 - Spring Boot\sts-4.11.1.RELEASE\plugins\org.eclipse.justj.openjdk.hotspot.jre.full.win32.x86_64_16.0.2.v20210721-1149\jre\bin\management.dll
0x00007ffd193a0000 - 0x00007ffd193ab000 	C:\Users\Anup-Xtha\Documents\NetBeansProjects\Spring\27 - Spring Boot\sts-4.11.1.RELEASE\plugins\org.eclipse.justj.openjdk.hotspot.jre.full.win32.x86_64_16.0.2.v20210721-1149\jre\bin\management_ext.dll
0x00007ffd1bdd0000 - 0x00007ffd1bde7000 	C:\WINDOWS\system32\napinsp.dll
0x00007ffd1b570000 - 0x00007ffd1b58b000 	C:\WINDOWS\system32\pnrpnsp.dll
0x00007ffd31070000 - 0x00007ffd31085000 	C:\WINDOWS\system32\wshbth.dll
0x00007ffd32040000 - 0x00007ffd3205d000 	C:\WINDOWS\system32\NLAapi.dll
0x00007ffd35a50000 - 0x00007ffd35a8b000 	C:\WINDOWS\SYSTEM32\IPHLPAPI.DLL
0x00007ffd35ac0000 - 0x00007ffd35b8b000 	C:\WINDOWS\SYSTEM32\DNSAPI.dll
0x00007ffd372e0000 - 0x00007ffd372e8000 	C:\WINDOWS\System32\NSI.dll
0x00007ffd1b550000 - 0x00007ffd1b562000 	C:\WINDOWS\System32\winrnr.dll
0x00007ffd21f30000 - 0x00007ffd21f3a000 	C:\Windows\System32\rasadhlp.dll
0x00007ffd22220000 - 0x00007ffd2229f000 	C:\WINDOWS\System32\fwpuclnt.dll
0x00007ffd36830000 - 0x00007ffd36857000 	C:\WINDOWS\System32\bcrypt.dll
0x00007ffd35fc0000 - 0x00007ffd35fd8000 	C:\WINDOWS\SYSTEM32\CRYPTSP.dll
0x00007ffd35680000 - 0x00007ffd356b4000 	C:\WINDOWS\system32\rsaenh.dll
0x00007ffd364e0000 - 0x00007ffd3650e000 	C:\WINDOWS\SYSTEM32\USERENV.dll
0x00007ffd35fe0000 - 0x00007ffd35fec000 	C:\WINDOWS\SYSTEM32\CRYPTBASE.dll
0x00007ffd2e260000 - 0x00007ffd2e277000 	C:\WINDOWS\SYSTEM32\dhcpcsvc6.DLL
0x00007ffd2e500000 - 0x00007ffd2e51d000 	C:\WINDOWS\SYSTEM32\dhcpcsvc.DLL
0x00007ffd31400000 - 0x00007ffd31410000 	C:\Users\Anup-Xtha\Documents\NetBeansProjects\Spring\27 - Spring Boot\sts-4.11.1.RELEASE\plugins\org.eclipse.justj.openjdk.hotspot.jre.full.win32.x86_64_16.0.2.v20210721-1149\jre\bin\verify.dll
0x00007ffd320a0000 - 0x00007ffd320ae000 	C:\Users\Anup-Xtha\Documents\NetBeansProjects\Spring\27 - Spring Boot\sts-4.11.1.RELEASE\plugins\org.eclipse.justj.openjdk.hotspot.jre.full.win32.x86_64_16.0.2.v20210721-1149\jre\bin\sunmscapi.dll
0x00007ffd36c90000 - 0x00007ffd36de6000 	C:\WINDOWS\System32\CRYPT32.dll
0x00007ffd360e0000 - 0x00007ffd36107000 	C:\WINDOWS\SYSTEM32\ncrypt.dll
0x00007ffd360a0000 - 0x00007ffd360db000 	C:\WINDOWS\SYSTEM32\NTASN1.dll
0x00007ffd31420000 - 0x00007ffd31427000 	C:\WINDOWS\system32\wshunix.dll

dbghelp: loaded successfully - version: 4.0.5 - missing functions: none
symbol engine: initialized successfully - sym options: 0x614 - pdb path: .;C:\Users\Anup-Xtha\Documents\NetBeansProjects\Spring\27 - Spring Boot\sts-4.11.1.RELEASE\plugins\org.eclipse.justj.openjdk.hotspot.jre.full.win32.x86_64_16.0.2.v20210721-1149\jre\bin;C:\WINDOWS\SYSTEM32;C:\WINDOWS\WinSxS\amd64_microsoft.windows.common-controls_6595b64144ccf1df_6.0.19041.1110_none_60b5254171f9507e;C:\Users\Anup-Xtha\Documents\NetBeansProjects\Spring\27 - Spring Boot\sts-4.11.1.RELEASE\plugins\org.eclipse.justj.openjdk.hotspot.jre.full.win32.x86_64_16.0.2.v20210721-1149\jre\bin\server

VM Arguments:
jvm_args: -Dcom.sun.management.jmxremote -Dcom.sun.management.jmxremote.port=63859 -Dcom.sun.management.jmxremote.authenticate=false -Dcom.sun.management.jmxremote.ssl=false -Djava.rmi.server.hostname=localhost -Dspring.jmx.enabled=true -Dspring.application.admin.enabled=true -XX:TieredStopAtLevel=1 -Dspring.boot.project.name=findMeHospital -Dfile.encoding=UTF-8 -XX:+ShowCodeDetailsInExceptionMessages 
java_command: com.findMeHospital.SecurityPage1Application --spring.output.ansi.enabled=always
java_class_path (initial): C:\Users\Anup-Xtha\Documents\workspace-spring-tool-suite-4-4.11.1.RELEASE\findMeHospital\target\classes;C:\Users\Anup-Xtha\.m2\repository\org\springframework\boot\spring-boot-starter-data-jpa\2.6.3\spring-boot-starter-data-jpa-2.6.3.jar;C:\Users\Anup-Xtha\.m2\repository\org\springframework\boot\spring-boot-starter-aop\2.6.3\spring-boot-starter-aop-2.6.3.jar;C:\Users\Anup-Xtha\.m2\repository\org\springframework\spring-aop\5.3.15\spring-aop-5.3.15.jar;C:\Users\Anup-Xtha\.m2\repository\org\aspectj\aspectjweaver\1.9.7\aspectjweaver-1.9.7.jar;C:\Users\Anup-Xtha\.m2\repository\org\springframework\boot\spring-boot-starter-jdbc\2.6.3\spring-boot-starter-jdbc-2.6.3.jar;C:\Users\Anup-Xtha\.m2\repository\com\zaxxer\HikariCP\4.0.3\HikariCP-4.0.3.jar;C:\Users\Anup-Xtha\.m2\repository\org\springframework\spring-jdbc\5.3.15\spring-jdbc-5.3.15.jar;C:\Users\Anup-Xtha\.m2\repository\jakarta\transaction\jakarta.transaction-api\1.3.3\jakarta.transaction-api-1.3.3.jar;C:\Users\Anup-Xtha\.m2\repository\jakarta\persistence\jakarta.persistence-api\2.2.3\jakarta.persistence-api-2.2.3.jar;C:\Users\Anup-Xtha\.m2\repository\org\hibernate\hibernate-core\5.6.4.Final\hibernate-core-5.6.4.Final.jar;C:\Users\Anup-Xtha\.m2\repository\org\jboss\logging\jboss-logging\3.4.3.Final\jboss-logging-3.4.3.Final.jar;C:\Users\Anup-Xtha\.m2\repository\net\bytebuddy\byte-buddy\1.11.22\byte-buddy-1.11.22.jar;C:\Users\Anup-Xtha\.m2\repository\antlr\antlr\2.7.7\antlr-2.7.7.jar;C:\Users\Anup-Xtha\.m2\repository\org\jboss\jandex\2.4.2.Final\jandex-2.4.2.Final.jar;C:\Users\Anup-Xtha\.m2\repository\com\fasterxml\classmate\1.5.1\classmate-1.5.1.jar;C:\Users\Anup-Xtha\.m2\repository\org\hibernate\common\hibernate-commons-annotations\5.1.2.Final\hibernate-commons-annotations-5.1.2.Final.jar;C:\Users\Anup-Xtha\.m2\repository\org\glassfish\jaxb\jaxb-runtime\2.3.5\jaxb-runtime-2.3.5.jar;C:\Users\Anup-Xtha\.m2\repository\org\glassfish\jaxb\txw2\2.3.5\txw2-2.3.5.jar;C:\Users\Anup-Xtha\.m2\repositor
Launcher Type: SUN_STANDARD

[Global flags]
     intx CICompilerCount                          = 4                                         {product} {ergonomic}
     uint ConcGCThreads                            = 2                                         {product} {ergonomic}
     uint G1ConcRefinementThreads                  = 8                                         {product} {ergonomic}
   size_t G1HeapRegionSize                         = 1048576                                   {product} {ergonomic}
    uintx GCDrainStackTargetSize                   = 64                                        {product} {ergonomic}
   size_t InitialHeapSize                          = 134217728                                 {product} {ergonomic}
     bool ManagementServer                         = true                                      {product} {command line}
   size_t MarkStackSize                            = 4194304                                   {product} {ergonomic}
   size_t MaxHeapSize                              = 2116026368                                {product} {ergonomic}
   size_t MaxNewSize                               = 1268776960                                {product} {ergonomic}
   size_t MinHeapDeltaBytes                        = 1048576                                   {product} {ergonomic}
   size_t MinHeapSize                              = 8388608                                   {product} {ergonomic}
    uintx NonNMethodCodeHeapSize                   = 7549744                                {pd product} {ergonomic}
    uintx NonProfiledCodeHeapSize                  = 244108496                              {pd product} {ergonomic}
    uintx ProfiledCodeHeapSize                     = 0                                      {pd product} {ergonomic}
    uintx ReservedCodeCacheSize                    = 251658240                              {pd product} {ergonomic}
     bool SegmentedCodeCache                       = true                                      {product} {ergonomic}
     bool ShowCodeDetailsInExceptionMessages       = true                                   {manageable} {command line}
   size_t SoftMaxHeapSize                          = 2116026368                             {manageable} {ergonomic}
     intx TieredStopAtLevel                        = 1                                         {product} {command line}
     bool UseCompressedClassPointers               = true                           {product lp64_product} {ergonomic}
     bool UseCompressedOops                        = true                           {product lp64_product} {ergonomic}
     bool UseG1GC                                  = true                                      {product} {ergonomic}
     bool UseLargePagesIndividualAllocation        = false                                  {pd product} {ergonomic}

Logging:
Log output configuration:
 #0: stdout all=warning uptime,level,tags
 #1: stderr all=off uptime,level,tags

Environment Variables:
JAVA_HOME=C:\Program Files\Java\jdk-15.0.1
PATH=C:/Users/Anup-Xtha/Documents/NetBeansProjects/Spring/27 - Spring Boot/sts-4.11.1.RELEASE//plugins/org.eclipse.justj.openjdk.hotspot.jre.full.win32.x86_64_16.0.2.v20210721-1149/jre/bin/server;C:/Users/Anup-Xtha/Documents/NetBeansProjects/Spring/27 - Spring Boot/sts-4.11.1.RELEASE//plugins/org.eclipse.justj.openjdk.hotspot.jre.full.win32.x86_64_16.0.2.v20210721-1149/jre/bin;C:\Program Files\Common Files\Oracle\Java\javapath;C:\Python39\Scripts\;C:\Python39\;C:\oraclexe\app\oracle\product\11.2.0\server\bin;C:\Program Files (x86)\Common Files\Oracle\Java\javapath;C:\Program Files (x86)\Common Files\Intel\Shared Libraries\redist\intel64\compiler;C:\Program Files (x86)\Intel\iCLS Client\;C:\Program Files\Intel\iCLS Client\;C:\Windows\system32;C:\Windows;C:\Windows\System32\Wbem;C:\Windows\System32\WindowsPowerShell\v1.0\;C:\Program Files (x86)\Intel\Intel(R) Management Engine Components\DAL;C:\Program Files\Intel\Intel(R) Management Engine Components\DAL;C:\Program Files (x86)\Intel\Intel(R) Management Engine Components\IPT;C:\Program Files\Intel\Intel(R) Management Engine Components\IPT;C:\Program Files (x86)\NVIDIA Corporation\PhysX\Common;C:\Program Files\Intel\WiFi\bin\;C:\Program Files\Common Files\Intel\WirelessCommon\;C:\WINDOWS\system32;C:\WINDOWS;C:\WINDOWS\System32\Wbem;C:\WINDOWS\System32\WindowsPowerShell\v1.0\;C:\WINDOWS\System32\OpenSSH\;C:\Program Files\NVIDIA Corporation\NVIDIA NvDLISR;C:\composer;C:\ProgramData\chocolatey\bin;C:\Program Files\nodejs\;C:\Program Files\Git\cmd;C:\Program Files\apache-maven-3.8.2\bin;C:\Program Files\dotnet\;C:\Program Files\Microsoft SQL Server\130\Tools\Binn\;C:\Users\Anup-Xtha\anaconda3;C:\Users\Anup-Xtha\anaconda3\Library\mingw-w64\bin;C:\Users\Anup-Xtha\anaconda3\Library\usr\bin;C:\Users\Anup-Xtha\anaconda3\Library\bin;C:\Users\Anup-Xtha\anaconda3\Scripts;C:\Program Files\MySQL\MySQL Shell 8.0\bin\;C:\Program Files\Java\jdk-13\bin;C:\Users\Anup-Xtha\AppData\Local\Programs\Microsoft VS Code\bin;C:\xampp\php;C:\Program 
USERNAME=Anup-Xtha
OS=Windows_NT
PROCESSOR_IDENTIFIER=Intel64 Family 6 Model 142 Stepping 10, GenuineIntel



---------------  S Y S T E M  ---------------

OS:
 Windows 10 , 64 bit Build 19041 (10.0.19041.1503)
OS uptime: 0 days 0:58 hours

CPU: total 8 (initial active 8) (4 cores per cpu, 2 threads per core) family 6 model 142 stepping 10 microcode 0xb4, cx8, cmov, fxsr, ht, mmx, 3dnowpref, sse, sse2, sse3, ssse3, sse4.1, sse4.2, popcnt, lzcnt, tsc, tscinvbit, avx, avx2, aes, erms, clmul, bmi1, bmi2, adx, fma, vzeroupper, clflush, clflushopt

Memory: 4k page, system-wide physical 8069M (374M free)
TotalPageFile size 30800M (AvailPageFile size 158M)
current process WorkingSet (physical memory assigned to process): 285M, peak: 383M
current process commit charge ("private bytes"): 363M, peak: 634M

vm_info: OpenJDK 64-Bit Server VM (16.0.2+7-67) for windows-amd64 JRE (16.0.2+7-67), built on Jun  8 2021 23:21:43 by "mach5one" with MS VC++ 16.7 (VS2019)

END.
